d:\documents\university\comp 4490\a1\comp4490a1\comp4490\comp4490\debug\vc141.pdb
d:\documents\university\comp 4490\a1\comp4490a1\comp4490\comp4490\debug\vc141.idb
d:\documents\university\comp 4490\a1\comp4490a1\comp4490\comp4490\debug\a1main.obj
d:\documents\university\comp 4490\a1\comp4490a1\comp4490\comp4490\debug\example.obj
d:\documents\university\comp 4490\a1\comp4490a1\comp4490\comp4490\debug\stdafx.obj
d:\documents\university\comp 4490\a1\comp4490a1\comp4490\comp4490\debug\pointlight.obj
d:\documents\university\comp 4490\a1\comp4490a1\comp4490\comp4490\debug\ray.obj
d:\documents\university\comp 4490\a1\comp4490a1\comp4490\comp4490\debug\shapelist.obj
d:\documents\university\comp 4490\a1\comp4490a1\comp4490\comp4490\debug\sphere.obj
d:\documents\university\comp 4490\a1\comp4490a1\comp4490\comp4490\debug\triangle.obj
d:\documents\university\comp 4490\a1\comp4490a1\comp4490\comp4490\debug\vec3.obj
d:\documents\university\comp 4490\a1\comp4490a1\comp4490\comp4490\debug\vecmath.obj
d:\documents\university\comp 4490\a1\comp4490a1\comp4490\comp4490\debug\lightlist.obj
d:\documents\university\comp 4490\a1\comp4490a1\comp4490\comp4490\debug\directionallight.obj
d:\documents\university\comp 4490\project\comp4490\debug\vc141.pdb
d:\documents\university\comp 4490\project\comp4490\debug\vc141.idb
d:\documents\university\comp 4490\project\comp4490\debug\a1main.obj
d:\documents\university\comp 4490\project\comp4490\debug\example.obj
d:\documents\university\comp 4490\project\comp4490\debug\stdafx.obj
d:\documents\university\comp 4490\project\comp4490\debug\directionallight.obj
d:\documents\university\comp 4490\project\comp4490\debug\lightlist.obj
d:\documents\university\comp 4490\project\comp4490\debug\pointlight.obj
d:\documents\university\comp 4490\project\comp4490\debug\ray.obj
d:\documents\university\comp 4490\project\comp4490\debug\shapelist.obj
d:\documents\university\comp 4490\project\comp4490\debug\sphere.obj
d:\documents\university\comp 4490\project\comp4490\debug\triangle.obj
d:\documents\university\comp 4490\project\comp4490\debug\vec3.obj
d:\documents\university\comp 4490\project\comp4490\debug\vecmath.obj
d:\documents\university\comp 4490\a1\comp4490a1\comp4490\build\comp4490.exe
d:\documents\university\comp 4490\a1\comp4490a1\comp4490\build\comp4490.ilk
d:\documents\university\comp 4490\a1\comp4490a1\comp4490\build\comp4490.pdb
d:\documents\university\comp 4490\project\build\comp4490.exe
d:\documents\university\comp 4490\project\build\comp4490.ilk
d:\documents\university\comp 4490\project\build\comp4490.pdb
d:\documents\university\comp 4490\project\comp4490\debug\comp4490.tlog\cl.command.1.tlog
d:\documents\university\comp 4490\project\comp4490\debug\comp4490.tlog\cl.read.1.tlog
d:\documents\university\comp 4490\project\comp4490\debug\comp4490.tlog\cl.write.1.tlog
d:\documents\university\comp 4490\project\comp4490\debug\comp4490.tlog\link.command.1.tlog
d:\documents\university\comp 4490\project\comp4490\debug\comp4490.tlog\link.read.1.tlog
d:\documents\university\comp 4490\project\comp4490\debug\comp4490.tlog\link.write.1.tlog
